
> weather-app@1.0.0 start
> webpack serve --open

<i> [webpack-dev-server] Project is running at:
<i> [webpack-dev-server] Loopback: http://localhost:8080/, http://[::1]:8080/
<i> [webpack-dev-server] On Your Network (IPv4): http://192.168.0.2:8080/
<i> [webpack-dev-server] Content not from webpack is served from './dist' directory
asset bundle.js 188 KiB [emitted] (name: main)
asset styles.css 4.56 KiB [emitted] (name: main)
asset index.html 2.86 KiB [emitted]
Entrypoint main 193 KiB = styles.css 4.56 KiB bundle.js 188 KiB
runtime modules 44.7 KiB 22 modules
orphan modules 7.08 KiB [orphan] 3 modules
cacheable modules 120 KiB (javascript) 4.35 KiB (css/mini-extract)
  modules by path ./node_modules/ 116 KiB
    modules by path ./node_modules/webpack-dev-server/client/ 84.8 KiB 8 modules
    modules by path ./node_modules/webpack/hot/*.js 5.56 KiB 4 modules
    modules by path ./node_modules/mini-css-extract-plugin/dist/hmr/*.js 6.83 KiB
      ./node_modules/mini-css-extract-plugin/dist/hmr/hotModuleReplacement.js 5.77 KiB [built] [code generated]
      ./node_modules/mini-css-extract-plugin/dist/hmr/normalize-url.js 1.06 KiB [built] [code generated]
    ./node_modules/events/events.js 14.5 KiB [built] [code generated]
    ./node_modules/ansi-html-community/index.js 4.16 KiB [built] [code generated]
  modules by path ./src/ 4.33 KiB (javascript) 4.35 KiB (css/mini-extract)
    ./src/index.js 3.64 KiB [built] [code generated]
    ./src/styles.css 704 bytes [built] [code generated]
    css ./node_modules/css-loader/dist/cjs.js!./src/styles.css 4.35 KiB [built] [code generated]
webpack 5.104.1 compiled successfully in 723 ms
